<?xml version="1.0" encoding="UTF-8"?>
<!-- Generated by org.testng.reporters.JUnitReportReporter -->
<testsuite hostname="LAPTOP-4RE7O3OA" failures="0" tests="3" name="Files.DynamicJson" time="19.605" errors="0" timestamp="2023-03-09T23:42:54 IST" skipped="0">
  <testcase classname="Files.DynamicJson" name="addBook" time="5.466"/>
  <system-out/>
  <testcase classname="Files.DynamicJson" name="addBook" time="5.428"/>
  <system-out/>
  <testcase classname="Files.DynamicJson" name="addBook" time="8.711"/>
  <system-out/>
</testsuite> <!-- Files.DynamicJson -->
