<?xml version="1.0" encoding="UTF-8"?>
<!-- Generated by org.testng.reporters.JUnitReportReporter -->
<testsuite hostname="LAPTOP-4RE7O3OA" failures="0" tests="3" name="Files.DynamicJson" time="21.433" errors="0" timestamp="2023-03-10T12:43:53 IST" skipped="0">
  <testcase classname="Files.DynamicJson" name="addBook" time="5.643"/>
  <system-out/>
  <testcase classname="Files.DynamicJson" name="addBook" time="10.150"/>
  <system-out/>
  <testcase classname="Files.DynamicJson" name="addBook" time="5.640"/>
  <system-out/>
</testsuite> <!-- Files.DynamicJson -->
