<?xml version="1.0" encoding="UTF-8"?>
<!-- Generated by org.testng.reporters.JUnitReportReporter -->
<testsuite hostname="LAPTOP-4RE7O3OA" failures="0" tests="1" name="JdbcConnection" time="32.534" errors="0" timestamp="2023-02-25T15:52:55 IST" skipped="0">
  <testcase classname="JdbcConnection" name="jdbcconnectiondemo" time="32.534"/>
  <system-out/>
</testsuite> <!-- JdbcConnection -->
