<?xml version="1.0" encoding="UTF-8"?>
<!-- Generated by org.testng.reporters.JUnitReportReporter -->
<testsuite hostname="LAPTOP-4RE7O3OA" failures="0" tests="4" name="test.Day1" time="0.020" errors="0" timestamp="2023-02-13T20:24:09 IST" skipped="2">
  <testcase classname="test.Day1" name="secondTest" time="0.010"/>
  <system-out/>
  <testcase classname="test.Day1" name="secondTest" time="0.010"/>
  <system-out/>
  <testcase classname="test.Day1" name="firstTest">
    <skipped/>
  </testcase> <!-- firstTest -->
  <system-out/>
  <testcase classname="test.Day1" name="firstTest">
    <skipped/>
  </testcase> <!-- firstTest -->
  <system-out/>
</testsuite> <!-- test.Day1 -->
