<?xml version="1.0" encoding="UTF-8"?>
<!-- Generated by org.testng.reporters.JUnitReportReporter -->
<testsuite hostname="LAPTOP-4RE7O3OA" failures="0" tests="10" name="test.Day3" time="0.051" errors="0" timestamp="2023-02-13T20:24:09 IST" skipped="0">
  <testcase classname="test.Day3" name="MobileSigninHomeLoan" time="0.005"/>
  <system-out/>
  <testcase classname="test.Day3" name="LoginAPIHomeLoan" time="0.002"/>
  <system-out/>
  <testcase classname="test.Day3" name="webLoginHomeLoan" time="0.003"/>
  <system-out/>
  <testcase classname="test.Day3" name="webLoginHomeLoan" time="0.003"/>
  <system-out/>
  <testcase classname="test.Day3" name="MobileLoginHomeLoan" time="0.005"/>
  <system-out/>
  <testcase classname="test.Day3" name="LoginAPIHomeLoan" time="0.004"/>
  <system-out/>
  <testcase classname="test.Day3" name="MobileSignupHomeLoan" time="0.016"/>
  <system-out/>
  <testcase classname="test.Day3" name="MobileSignupHomeLoan" time="0.003"/>
  <system-out/>
  <testcase classname="test.Day3" name="MobileLoginHomeLoan" time="0.007"/>
  <system-out/>
  <testcase classname="test.Day3" name="MobileSigninHomeLoan" time="0.003"/>
  <system-out/>
</testsuite> <!-- test.Day3 -->
