<?xml version="1.0" encoding="UTF-8"?>
<!-- Generated by org.testng.reporters.JUnitReportReporter -->
<testsuite hostname="LAPTOP-4RE7O3OA" failures="0" tests="4" name="test.Day2" time="0.031" errors="0" timestamp="2023-02-13T20:24:09 IST" skipped="0">
  <testcase classname="test.Day2" name="thirdTest" time="0.008"/>
  <system-out/>
  <testcase classname="test.Day2" name="fourthTest" time="0.014"/>
  <system-out/>
  <testcase classname="test.Day2" name="fourthTest" time="0.006"/>
  <system-out/>
  <testcase classname="test.Day2" name="thirdTest" time="0.003"/>
  <system-out/>
</testsuite> <!-- test.Day2 -->
