<?xml version="1.0" encoding="UTF-8"?>
<!-- Generated by org.testng.reporters.JUnitReportReporter -->
<testsuite hostname="LAPTOP-4RE7O3OA" failures="0" tests="1" name="rahulshettyacademy.ExtentReports.ExtentReportDemo" time="23.244" errors="0" timestamp="2023-02-20T11:12:23 IST" skipped="0">
  <testcase classname="rahulshettyacademy.ExtentReports.ExtentReportDemo" name="initialDemo" time="23.244"/>
  <system-out/>
</testsuite> <!-- rahulshettyacademy.ExtentReports.ExtentReportDemo -->
